2025-08-24 10:44:22,690 - INFO - Data Processing Initialized...
2025-08-24 10:44:22,690 - INFO - The Data will be transformed using standard scaler
2025-08-24 10:44:22,977 - INFO - Data loaded sucesfully..
2025-08-24 10:44:23,362 - INFO - Basic Processing Done..
2025-08-24 10:44:23,674 - INFO - Selected features are : ['Healthcare_Costs', 'Tumor_Size_mm', 'Treatment_Type', 'Diabetes', 'Mortality_Rate_per_100K']
2025-08-24 10:44:23,676 - INFO - Feature selection done..
2025-08-24 10:44:23,839 - INFO - splitting and Scaling Done..
2025-08-24 10:44:23,857 - INFO - Alk the Saving Part is Done...
2025-08-24 10:44:23,857 - INFO - Data Processing Pipline execusted sucesfuly....
2025-08-24 10:48:29,079 - INFO - Data Processing Initialized...
2025-08-24 10:48:29,079 - INFO - The Data will be transformed using standard scaler
2025-08-24 10:48:29,394 - INFO - Data loaded sucesfully..
2025-08-24 10:48:29,787 - INFO - Basic Processing Done..
2025-08-24 10:48:30,077 - INFO - Selected features are : ['Healthcare_Costs', 'Tumor_Size_mm', 'Treatment_Type', 'Diabetes', 'Mortality_Rate_per_100K']
2025-08-24 10:48:30,079 - INFO - Feature selection done..
2025-08-24 10:48:30,183 - INFO - splitting and Scaling Done..
2025-08-24 10:48:30,200 - INFO - Alk the Saving Part is Done...
2025-08-24 10:48:30,200 - INFO - Data Processing Pipline execusted sucesfuly....
2025-08-24 12:22:09,651 - INFO - Model Training Initialization...
2025-08-24 12:22:09,667 - INFO - Data loaded for Model
2025-08-24 12:22:17,957 - INFO - Model trained and saved sucesfully...
2025-08-24 12:22:18,337 - INFO - Accuracy : 0.5995223880597015 ; Precision : 0.536223766057273 ; Recall : 0.5995223880597015 ; F1-Score : 0.45031668492929605
2025-08-24 12:22:18,380 - INFO - ROC-AUC Score : 0.49967731082550826
2025-08-24 12:22:18,380 - INFO - Model evaluation done...
